<?xml version="1.0" encoding="UTF-8"?>
<!-- Generated by org.testng.reporters.JUnitXMLReporter -->
<testsuite hostname="HPDA0452" ignored="0" tests="6" failures="0" timestamp="28 Jun 2018 09:51:40 GMT" time="32.126" errors="0">
  <testcase name="TestOpenBingTranslator" time="0.702" classname="TestBing"/>
  <testcase name="CheckMenuItemTranslator" time="27.229" classname="TestBing"/>
  <testcase name="ChooseInputLanguage" time="0.705" classname="TestBing"/>
  <testcase name="ChooseOutputLanguage" time="0.116" classname="TestBing"/>
  <testcase name="EnterTextToTranslate" time="0.189" classname="TestBing"/>
  <testcase name="GetTranslatedText" time="0.031" classname="TestBing"/>
</testsuite>
