<?xml version="1.0" encoding="UTF-8"?>
<testng-results skipped="0" failed="0" ignored="0" total="6" passed="6">
  <reporter-output>
  </reporter-output>
  <suite name="Default suite" duration-ms="32126" started-at="2018-06-28T09:51:08Z" finished-at="2018-06-28T09:51:40Z">
    <groups>
    </groups>
    <test name="Default test" duration-ms="32126" started-at="2018-06-28T09:51:08Z" finished-at="2018-06-28T09:51:40Z">
      <class name="TestBing">
        <test-method status="PASS" signature="InitializeBrowser()[pri:0, instance:TestBing@19e5ddf]" name="InitializeBrowser" is-config="true" duration-ms="3105" started-at="2018-06-28T09:51:08Z" finished-at="2018-06-28T09:51:11Z">
          <reporter-output>
          </reporter-output>
        </test-method> <!-- InitializeBrowser -->
        <test-method status="PASS" signature="TestOpenBingTranslator()[pri:0, instance:TestBing@19e5ddf]" name="TestOpenBingTranslator" duration-ms="702" started-at="2018-06-28T09:51:11Z" finished-at="2018-06-28T09:51:12Z">
          <reporter-output>
          </reporter-output>
        </test-method> <!-- TestOpenBingTranslator -->
        <test-method status="PASS" signature="CheckMenuItemTranslator()[pri:1, instance:TestBing@19e5ddf]" name="CheckMenuItemTranslator" duration-ms="27229" started-at="2018-06-28T09:51:12Z" finished-at="2018-06-28T09:51:39Z">
          <reporter-output>
          </reporter-output>
        </test-method> <!-- CheckMenuItemTranslator -->
        <test-method status="PASS" signature="ChooseInputLanguage()[pri:2, instance:TestBing@19e5ddf]" name="ChooseInputLanguage" duration-ms="705" started-at="2018-06-28T09:51:39Z" finished-at="2018-06-28T09:51:40Z">
          <reporter-output>
          </reporter-output>
        </test-method> <!-- ChooseInputLanguage -->
        <test-method status="PASS" signature="ChooseOutputLanguage()[pri:3, instance:TestBing@19e5ddf]" name="ChooseOutputLanguage" duration-ms="116" started-at="2018-06-28T09:51:40Z" finished-at="2018-06-28T09:51:40Z">
          <reporter-output>
          </reporter-output>
        </test-method> <!-- ChooseOutputLanguage -->
        <test-method status="PASS" signature="EnterTextToTranslate()[pri:4, instance:TestBing@19e5ddf]" name="EnterTextToTranslate" duration-ms="189" started-at="2018-06-28T09:51:40Z" finished-at="2018-06-28T09:51:40Z">
          <reporter-output>
          </reporter-output>
        </test-method> <!-- EnterTextToTranslate -->
        <test-method status="PASS" signature="GetTranslatedText()[pri:5, instance:TestBing@19e5ddf]" name="GetTranslatedText" duration-ms="31" started-at="2018-06-28T09:51:40Z" finished-at="2018-06-28T09:51:40Z">
          <reporter-output>
          </reporter-output>
        </test-method> <!-- GetTranslatedText -->
      </class> <!-- TestBing -->
    </test> <!-- Default test -->
  </suite> <!-- Default suite -->
</testng-results>
